Microsoft (R) Visual C# Compiler version 4.0.30319.34209
for Microsoft (R) .NET Framework 4.5
Copyright (C) Microsoft Corporation. All rights reserved.

error CS1504: Source file 'c:\Users\gemore\Desktop\Programming\SCRUM\Battleship\TemporaryGeneratedFile_036C0B5B-1481-4323-8D20-8F5ADCB23D92.cs' could not be opened ('The system cannot find the file specified. ')
error CS1504: Source file 'c:\Users\gemore\Desktop\Programming\SCRUM\Battleship\TemporaryGeneratedFile_5937a670-0e60-4077-877b-f7221da3dda1.cs' could not be opened ('The system cannot find the file specified. ')
error CS1504: Source file 'c:\Users\gemore\Desktop\Programming\SCRUM\Battleship\TemporaryGeneratedFile_E7A71F73-0F8D-4B9B-B56E-8E70B10BC5D3.cs' could not be opened ('The system cannot find the file specified. ')
error CS1504: Source file 'c:\Users\gemore\Desktop\Programming\SCRUM\Battleship\DeploymentController.cs' could not be opened ('The system cannot find the file specified. ')
error CS1504: Source file 'c:\Users\gemore\Desktop\Programming\SCRUM\Battleship\DiscoveryController.cs' could not be opened ('The system cannot find the file specified. ')
error CS1504: Source file 'c:\Users\gemore\Desktop\Programming\SCRUM\Battleship\EndingGameController.cs' could not be opened ('The system cannot find the file specified. ')
error CS1504: Source file 'c:\Users\gemore\Desktop\Programming\SCRUM\Battleship\GameController.cs' could not be opened ('The system cannot find the file specified. ')
error CS1504: Source file 'c:\Users\gemore\Desktop\Programming\SCRUM\Battleship\GameLogic.cs' could not be opened ('The system cannot find the file specified. ')
error CS1504: Source file 'c:\Users\gemore\Desktop\Programming\SCRUM\Battleship\GameResources.cs' could not be opened ('The system cannot find the file specified. ')
error CS1504: Source file 'c:\Users\gemore\Desktop\Programming\SCRUM\Battleship\GameState.cs' could not be opened ('The system cannot find the file specified. ')
error CS1504: Source file 'c:\Users\gemore\Desktop\Programming\SCRUM\Battleship\HighScoreController.cs' could not be opened ('The system cannot find the file specified. ')
error CS1504: Source file 'c:\Users\gemore\Desktop\Programming\SCRUM\Battleship\MenuController.cs' could not be opened ('The system cannot find the file specified. ')
error CS1504: Source file 'c:\Users\gemore\Desktop\Programming\SCRUM\Battleship\AIHardPlayer.cs' could not be opened ('The system cannot find the file specified. ')
error CS1504: Source file 'c:\Users\gemore\Desktop\Programming\SCRUM\Battleship\AIMediumPlayer.cs' could not be opened ('The system cannot find the file specified. ')
error CS1504: Source file 'c:\Users\gemore\Desktop\Programming\SCRUM\Battleship\AIOption.cs' could not be opened ('The system cannot find the file specified. ')
error CS1504: Source file 'c:\Users\gemore\Desktop\Programming\SCRUM\Battleship\AIPlayer.cs' could not be opened ('The system cannot find the file specified. ')
error CS1504: Source file 'c:\Users\gemore\Desktop\Programming\SCRUM\Battleship\AttackResult.cs' could not be opened ('The system cannot find the file specified. ')
error CS1504: Source file 'c:\Users\gemore\Desktop\Programming\SCRUM\Battleship\BattleShipsGame.cs' could not be opened ('The system cannot find the file specified. ')
error CS1504: Source file 'c:\Users\gemore\Desktop\Programming\SCRUM\Battleship\Direction.cs' could not be opened ('The system cannot find the file specified. ')
error CS1504: Source file 'c:\Users\gemore\Desktop\Programming\SCRUM\Battleship\ISeaGrid.cs' could not be opened ('The system cannot find the file specified. ')
error CS1504: Source file 'c:\Users\gemore\Desktop\Programming\SCRUM\Battleship\Player.cs' could not be opened ('The system cannot find the file specified. ')
error CS1504: Source file 'c:\Users\gemore\Desktop\Programming\SCRUM\Battleship\ResultOfAttack.cs' could not be opened ('The system cannot find the file specified. ')
error CS1504: Source file 'c:\Users\gemore\Desktop\Programming\SCRUM\Battleship\SeaGrid.cs' could not be opened ('The system cannot find the file specified. ')
error CS1504: Source file 'c:\Users\gemore\Desktop\Programming\SCRUM\Battleship\SeaGridAdapter.cs' could not be opened ('The system cannot find the file specified. ')
error CS1504: Source file 'c:\Users\gemore\Desktop\Programming\SCRUM\Battleship\Ship.cs' could not be opened ('The system cannot find the file specified. ')
error CS1504: Source file 'c:\Users\gemore\Desktop\Programming\SCRUM\Battleship\ShipName.cs' could not be opened ('The system cannot find the file specified. ')
error CS1504: Source file 'c:\Users\gemore\Desktop\Programming\SCRUM\Battleship\Tile.cs' could not be opened ('The system cannot find the file specified. ')
error CS1504: Source file 'c:\Users\gemore\Desktop\Programming\SCRUM\Battleship\TileView.cs' could not be opened ('The system cannot find the file specified. ')
error CS1504: Source file 'c:\Users\gemore\Desktop\Programming\SCRUM\Battleship\UtilityFunctions.cs' could not be opened ('The system cannot find the file specified. ')
